Requirement already satisfied: easyocr in d:\du_an\thuctap\backend\venv\lib\site-packages (1.7.2)
Requirement already satisfied: scikit-image in d:\du_an\thuctap\backend\venv\lib\site-packages (from easyocr) (0.21.0)
Requirement already satisfied: Shapely in d:\du_an\thuctap\backend\venv\lib\site-packages (from easyocr) (2.0.7)
Requirement already satisfied: torchvision>=0.5 in d:\du_an\thuctap\backend\venv\lib\site-packages (from easyocr) (0.23.0)
Requirement already satisfied: scipy in d:\du_an\thuctap\backend\venv\lib\site-packages (from easyocr) (1.13.1)
Requirement already satisfied: ninja in d:\du_an\thuctap\backend\venv\lib\site-packages (from easyocr) (1.13.0)
Requirement already satisfied: python-bidi in d:\du_an\thuctap\backend\venv\lib\site-packages (from easyocr) (0.6.7)
Requirement already satisfied: PyYAML in d:\du_an\thuctap\backend\venv\lib\site-packages (from easyocr) (6.0.3)
Requirement already satisfied: numpy in d:\du_an\thuctap\backend\venv\lib\site-packages (from easyocr) (1.26.4)
Requirement already satisfied: opencv-python-headless in d:\du_an\thuctap\backend\venv\lib\site-packages (from easyocr) (4.13.0.92)
Requirement already satisfied: Pillow in d:\du_an\thuctap\backend\venv\lib\site-packages (from easyocr) (11.3.0)
Requirement already satisfied: torch in d:\du_an\thuctap\backend\venv\lib\site-packages (from easyocr) (2.8.0)
Requirement already satisfied: pyclipper in d:\du_an\thuctap\backend\venv\lib\site-packages (from easyocr) (1.3.0.post6)
Requirement already satisfied: networkx>=2.8 in d:\du_an\thuctap\backend\venv\lib\site-packages (from scikit-image->easyocr) (3.2.1)
Requirement already satisfied: packaging>=21 in d:\du_an\thuctap\backend\venv\lib\site-packages (from scikit-image->easyocr) (26.0)
Requirement already satisfied: PyWavelets>=1.1.1 in d:\du_an\thuctap\backend\venv\lib\site-packages (from scikit-image->easyocr) (1.6.0)
Requirement already satisfied: lazy_loader>=0.2 in d:\du_an\thuctap\backend\venv\lib\site-packages (from scikit-image->easyocr) (0.5)
Requirement already satisfied: tifffile>=2022.8.12 in d:\du_an\thuctap\backend\venv\lib\site-packages (from scikit-image->easyocr) (2024.8.30)
Requirement already satisfied: imageio>=2.27 in d:\du_an\thuctap\backend\venv\lib\site-packages (from scikit-image->easyocr) (2.37.2)
Requirement already satisfied: jinja2 in d:\du_an\thuctap\backend\venv\lib\site-packages (from torch->easyocr) (3.1.6)
Requirement already satisfied: typing-extensions>=4.10.0 in d:\du_an\thuctap\backend\venv\lib\site-packages (from torch->easyocr) (4.15.0)
Requirement already satisfied: filelock in d:\du_an\thuctap\backend\venv\lib\site-packages (from torch->easyocr) (3.19.1)
Requirement already satisfied: sympy>=1.13.3 in d:\du_an\thuctap\backend\venv\lib\site-packages (from torch->easyocr) (1.14.0)
Requirement already satisfied: fsspec in d:\du_an\thuctap\backend\venv\lib\site-packages (from torch->easyocr) (2025.10.0)
Requirement already satisfied: MarkupSafe>=2.0 in d:\du_an\thuctap\backend\venv\lib\site-packages (from jinja2->torch->easyocr) (3.0.3)
Requirement already satisfied: mpmath<1.4,>=1.1.0 in d:\du_an\thuctap\backend\venv\lib\site-packages (from sympy>=1.13.3->torch->easyocr) (1.3.0)
WARNING: You are using pip version 20.2.3; however, version 26.0.1 is available.
You should consider upgrading via the 'd:\du_an\thuctap\backend\venv\scripts\python.exe -m pip install --upgrade pip' command.
